TN:
SF:src/constants.ts
FNF:0
FNH:0
DA:8,4
DA:12,4
DA:21,4
DA:24,4
DA:28,4
DA:31,4
DA:34,4
DA:37,4
DA:41,4
DA:44,4
DA:48,4
DA:52,4
DA:55,4
DA:59,4
DA:62,4
DA:66,4
DA:75,4
DA:78,4
DA:82,4
DA:85,4
DA:89,4
DA:93,4
LF:22
LH:22
BRF:0
BRH:0
end_of_record
TN:
SF:src/types.ts
FNF:0
FNH:0
LF:0
LH:0
BRF:0
BRH:0
end_of_record
TN:
SF:src/composables/useAchievements.ts
FN:83,(anonymous_0)
FN:101,consecutiveDays
FN:128,useAchievements
FN:137,fetchAchievements
FN:156,persistUnlock
FN:171,checkAchievements
FN:181,(anonymous_6)
FN:182,(anonymous_7)
FNF:8
FNH:0
FNDA:0,(anonymous_0)
FNDA:0,consecutiveDays
FNDA:0,useAchievements
FNDA:0,fetchAchievements
FNDA:0,persistUnlock
FNDA:0,checkAchievements
FNDA:0,(anonymous_6)
FNDA:0,(anonymous_7)
DA:29,0
DA:83,0
DA:102,0
DA:103,0
DA:106,0
DA:107,0
DA:109,0
DA:110,0
DA:111,0
DA:113,0
DA:114,0
DA:115,0
DA:116,0
DA:118,0
DA:119,0
DA:122,0
DA:130,0
DA:131,0
DA:132,0
DA:138,0
DA:139,0
DA:140,0
DA:141,0
DA:142,0
DA:144,0
DA:146,0
DA:157,0
DA:158,0
DA:172,0
DA:173,0
DA:174,0
DA:176,0
DA:177,0
DA:180,0
DA:181,0
DA:182,0
DA:183,0
DA:186,0
DA:191,0
DA:195,0
DA:248,0
DA:250,0
DA:251,0
DA:252,0
DA:253,0
DA:255,0
DA:259,0
DA:262,0
LF:48
LH:0
BRDA:102,0,0,0
BRDA:102,0,1,0
BRDA:115,1,0,0
BRDA:115,1,1,0
BRDA:142,2,0,0
BRDA:142,2,1,0
BRDA:173,3,0,0
BRDA:173,3,1,0
BRDA:174,4,0,0
BRDA:174,4,1,0
BRDA:180,5,0,0
BRDA:180,5,1,0
BRDA:186,6,0,0
BRDA:186,6,1,0
BRDA:191,7,0,0
BRDA:191,7,1,0
BRDA:197,8,0,0
BRDA:197,8,1,0
BRDA:198,9,0,0
BRDA:198,9,1,0
BRDA:199,10,0,0
BRDA:199,10,1,0
BRDA:200,11,0,0
BRDA:200,11,1,0
BRDA:201,12,0,0
BRDA:201,12,1,0
BRDA:203,13,0,0
BRDA:203,13,1,0
BRDA:204,14,0,0
BRDA:204,14,1,0
BRDA:210,15,0,0
BRDA:210,15,1,0
BRDA:210,15,2,0
BRDA:210,15,3,0
BRDA:216,16,0,0
BRDA:216,16,1,0
BRDA:217,17,0,0
BRDA:217,17,1,0
BRDA:218,18,0,0
BRDA:218,18,1,0
BRDA:218,18,2,0
BRDA:218,18,3,0
BRDA:219,19,0,0
BRDA:219,19,1,0
BRDA:219,19,2,0
BRDA:230,20,0,0
BRDA:230,20,1,0
BRDA:235,21,0,0
BRDA:235,21,1,0
BRDA:235,21,2,0
BRDA:238,22,0,0
BRDA:238,22,1,0
BRDA:238,22,2,0
BRDA:238,22,3,0
BRDA:239,23,0,0
BRDA:239,23,1,0
BRDA:239,23,2,0
BRDA:239,23,3,0
BRDA:242,24,0,0
BRDA:242,24,1,0
BRDA:243,25,0,0
BRDA:243,25,1,0
BRDA:244,26,0,0
BRDA:244,26,1,0
BRDA:244,26,2,0
BRDA:244,26,3,0
BRDA:251,27,0,0
BRDA:251,27,1,0
BRDA:251,28,0,0
BRDA:251,28,1,0
BRF:70
BRH:0
end_of_record
TN:
SF:src/composables/useChallengeBuilder.ts
FN:39,generateMaskedName
FN:41,(anonymous_1)
FN:56,getRandomOptions
FN:57,(anonymous_3)
FN:59,(anonymous_4)
FN:69,getRandomPhotoOptions
FN:70,(anonymous_6)
FN:82,buildChallenge
FNF:8
FNH:8
FNDA:5,generateMaskedName
FNDA:8,(anonymous_1)
FNDA:24,getRandomOptions
FNDA:161,(anonymous_3)
FNDA:70,(anonymous_4)
FNDA:22,getRandomPhotoOptions
FNDA:152,(anonymous_6)
FNDA:6,buildChallenge
DA:28,1
DA:31,1
DA:40,5
DA:41,5
DA:42,8
DA:43,2
DA:45,6
DA:57,161
DA:58,24
DA:59,70
DA:70,152
DA:71,22
DA:72,22
DA:83,6
DA:84,6
DA:87,6
DA:88,0
DA:91,6
DA:99,6
DA:100,1
DA:101,5
DA:102,0
DA:103,5
DA:104,1
DA:107,6
LF:25
LH:23
BRDA:42,0,0,2
BRDA:42,0,1,6
BRDA:56,1,0,24
BRDA:57,2,0,161
BRDA:57,2,1,137
BRDA:57,2,2,117
BRDA:69,3,0,22
BRDA:70,4,0,152
BRDA:70,4,1,130
BRDA:70,4,2,110
BRDA:87,5,0,0
BRDA:87,5,1,6
BRDA:87,6,0,6
BRDA:87,6,1,1
BRDA:88,7,0,0
BRDA:88,7,1,0
BRDA:99,8,0,1
BRDA:99,8,1,5
BRDA:101,9,0,0
BRDA:101,9,1,5
BRDA:103,10,0,1
BRDA:103,10,1,4
BRF:22
BRH:18
end_of_record
TN:
SF:src/composables/useGameEngine.ts
FN:77,useGameEngine
FN:115,fetchTeamMembers
FN:132,(anonymous_2)
FN:132,(anonymous_3)
FN:134,(anonymous_4)
FN:134,(anonymous_5)
FN:139,(anonymous_6)
FN:141,(anonymous_7)
FN:146,startSession
FN:197,endSession
FN:206,nextChallenge
FN:230,submitAnswer
FN:372,skipAnswer
FN:394,useHint
FN:411,revealMoreLetters
FN:448,eliminateWrongOption
FN:455,(anonymous_16)
FN:463,(anonymous_17)
FN:477,useSecondHint
FNF:19
FNH:0
FNDA:0,useGameEngine
FNDA:0,fetchTeamMembers
FNDA:0,(anonymous_2)
FNDA:0,(anonymous_3)
FNDA:0,(anonymous_4)
FNDA:0,(anonymous_5)
FNDA:0,(anonymous_6)
FNDA:0,(anonymous_7)
FNDA:0,startSession
FNDA:0,endSession
FNDA:0,nextChallenge
FNDA:0,submitAnswer
FNDA:0,skipAnswer
FNDA:0,useHint
FNDA:0,revealMoreLetters
FNDA:0,eliminateWrongOption
FNDA:0,(anonymous_16)
FNDA:0,(anonymous_17)
FNDA:0,useSecondHint
DA:78,0
DA:79,0
DA:80,0
DA:93,0
DA:94,0
DA:95,0
DA:96,0
DA:97,0
DA:98,0
DA:99,0
DA:100,0
DA:101,0
DA:103,0
DA:105,0
DA:108,0
DA:109,0
DA:110,0
DA:116,0
DA:117,0
DA:118,0
DA:119,0
DA:120,0
DA:122,0
DA:123,0
DA:125,0
DA:130,0
DA:132,0
DA:134,0
DA:135,0
DA:136,0
DA:139,0
DA:141,0
DA:147,0
DA:163,0
DA:164,0
DA:166,0
DA:167,0
DA:170,0
DA:171,0
DA:172,0
DA:173,0
DA:176,0
DA:177,0
DA:178,0
DA:180,0
DA:181,0
DA:183,0
DA:184,0
DA:188,0
DA:189,0
DA:198,0
DA:199,0
DA:200,0
DA:207,0
DA:208,0
DA:211,0
DA:212,0
DA:213,0
DA:214,0
DA:215,0
DA:218,0
DA:219,0
DA:220,0
DA:221,0
DA:231,0
DA:232,0
DA:235,0
DA:236,0
DA:239,0
DA:240,0
DA:243,0
DA:244,0
DA:245,0
DA:247,0
DA:252,0
DA:253,0
DA:256,0
DA:258,0
DA:259,0
DA:260,0
DA:261,0
DA:265,0
DA:266,0
DA:272,0
DA:273,0
DA:274,0
DA:275,0
DA:278,0
DA:279,0
DA:280,0
DA:281,0
DA:282,0
DA:283,0
DA:284,0
DA:285,0
DA:289,0
DA:290,0
DA:291,0
DA:295,0
DA:296,0
DA:297,0
DA:298,0
DA:299,0
DA:301,0
DA:302,0
DA:307,0
DA:308,0
DA:309,0
DA:310,0
DA:312,0
DA:316,0
DA:317,0
DA:318,0
DA:319,0
DA:322,0
DA:323,0
DA:327,0
DA:328,0
DA:330,0
DA:331,0
DA:332,0
DA:333,0
DA:334,0
DA:335,0
DA:336,0
DA:338,0
DA:339,0
DA:340,0
DA:341,0
DA:342,0
DA:345,0
DA:346,0
DA:349,0
DA:350,0
DA:351,0
DA:352,0
DA:354,0
DA:355,0
DA:356,0
DA:360,0
DA:361,0
DA:362,0
DA:363,0
DA:365,0
DA:373,0
DA:374,0
DA:376,0
DA:378,0
DA:379,0
DA:380,0
DA:381,0
DA:382,0
DA:384,0
DA:385,0
DA:386,0
DA:387,0
DA:395,0
DA:396,0
DA:399,0
DA:400,0
DA:401,0
DA:403,0
DA:404,0
DA:412,0
DA:413,0
DA:415,0
DA:416,0
DA:417,0
DA:420,0
DA:422,0
DA:424,0
DA:425,0
DA:426,0
DA:427,0
DA:430,0
DA:431,0
DA:435,0
DA:436,0
DA:437,0
DA:438,0
DA:439,0
DA:441,0
DA:449,0
DA:450,0
DA:452,0
DA:454,0
DA:455,0
DA:456,0
DA:457,0
DA:459,0
DA:462,0
DA:463,0
DA:464,0
DA:465,0
DA:467,0
DA:470,0
DA:478,0
DA:479,0
DA:480,0
DA:483,0
DA:484,0
DA:485,0
DA:487,0
DA:488,0
DA:489,0
DA:491,0
DA:494,0
LF:207
LH:0
BRDA:132,0,0,0
BRDA:132,0,1,0
BRDA:132,0,2,0
BRDA:136,1,0,0
BRDA:136,1,1,0
BRDA:163,2,0,0
BRDA:163,2,1,0
BRDA:177,3,0,0
BRDA:177,3,1,0
BRDA:180,4,0,0
BRDA:180,4,1,0
BRDA:183,5,0,0
BRDA:183,5,1,0
BRDA:207,6,0,0
BRDA:207,6,1,0
BRDA:212,7,0,0
BRDA:212,7,1,0
BRDA:231,8,0,0
BRDA:231,8,1,0
BRDA:245,9,0,0
BRDA:245,9,1,0
BRDA:247,10,0,0
BRDA:247,10,1,0
BRDA:247,10,2,0
BRDA:247,10,3,0
BRDA:252,11,0,0
BRDA:252,11,1,0
BRDA:261,12,0,0
BRDA:261,12,1,0
BRDA:265,13,0,0
BRDA:265,13,1,0
BRDA:278,14,0,0
BRDA:278,14,1,0
BRDA:280,15,0,0
BRDA:280,15,1,0
BRDA:282,16,0,0
BRDA:282,16,1,0
BRDA:284,17,0,0
BRDA:284,17,1,0
BRDA:284,18,0,0
BRDA:284,18,1,0
BRDA:289,19,0,0
BRDA:289,19,1,0
BRDA:289,20,0,0
BRDA:289,20,1,0
BRDA:289,20,2,0
BRDA:295,21,0,0
BRDA:295,21,1,0
BRDA:295,22,0,0
BRDA:295,22,1,0
BRDA:298,23,0,0
BRDA:298,23,1,0
BRDA:301,24,0,0
BRDA:301,24,1,0
BRDA:307,25,0,0
BRDA:307,25,1,0
BRDA:307,26,0,0
BRDA:307,26,1,0
BRDA:316,27,0,0
BRDA:316,27,1,0
BRDA:316,28,0,0
BRDA:316,28,1,0
BRDA:316,28,2,0
BRDA:322,29,0,0
BRDA:322,29,1,0
BRDA:327,30,0,0
BRDA:327,30,1,0
BRDA:327,31,0,0
BRDA:327,31,1,0
BRDA:330,32,0,0
BRDA:330,32,1,0
BRDA:345,33,0,0
BRDA:345,33,1,0
BRDA:351,34,0,0
BRDA:351,34,1,0
BRDA:354,35,0,0
BRDA:354,35,1,0
BRDA:373,36,0,0
BRDA:373,36,1,0
BRDA:373,37,0,0
BRDA:373,37,1,0
BRDA:395,38,0,0
BRDA:395,38,1,0
BRDA:395,39,0,0
BRDA:395,39,1,0
BRDA:412,40,0,0
BRDA:412,40,1,0
BRDA:416,41,0,0
BRDA:416,41,1,0
BRDA:416,42,0,0
BRDA:416,42,1,0
BRDA:422,43,0,0
BRDA:422,43,1,0
BRDA:426,44,0,0
BRDA:426,44,1,0
BRDA:430,45,0,0
BRDA:430,45,1,0
BRDA:449,46,0,0
BRDA:449,46,1,0
BRDA:454,47,0,0
BRDA:454,47,1,0
BRDA:454,48,0,0
BRDA:454,48,1,0
BRDA:456,49,0,0
BRDA:456,49,1,0
BRDA:462,50,0,0
BRDA:462,50,1,0
BRDA:462,51,0,0
BRDA:462,51,1,0
BRDA:464,52,0,0
BRDA:464,52,1,0
BRDA:479,53,0,0
BRDA:479,53,1,0
BRDA:479,54,0,0
BRDA:479,54,1,0
BRDA:488,55,0,0
BRDA:488,55,1,0
BRDA:488,56,0,0
BRDA:488,56,1,0
BRF:119
BRH:0
end_of_record
TN:
SF:src/composables/useLeaderboard.ts
FN:35,useLeaderboard
FN:48,fetchScores
FN:68,submitScore
FNF:3
FNH:0
FNDA:0,useLeaderboard
FNDA:0,fetchScores
FNDA:0,submitScore
DA:36,0
DA:37,0
DA:38,0
DA:39,0
DA:40,0
DA:43,0
DA:49,0
DA:50,0
DA:51,0
DA:52,0
DA:53,0
DA:54,0
DA:55,0
DA:57,0
DA:59,0
DA:69,0
DA:70,0
DA:72,0
DA:73,0
DA:79,0
LF:20
LH:0
BRDA:43,0,0,0
BRDA:43,0,1,0
BRDA:53,1,0,0
BRDA:53,1,1,0
BRDA:54,2,0,0
BRDA:54,2,1,0
BRDA:55,3,0,0
BRDA:55,3,1,0
BRDA:68,4,0,0
BRDA:69,5,0,0
BRDA:69,5,1,0
BRF:11
BRH:0
end_of_record
TN:
SF:src/composables/useScoring.ts
FN:40,applyXp
FN:60,computeLevelProgress
FN:77,recordCorrect
FN:115,recordClose
FN:144,recordWrong
FN:168,recordSkip
FNF:6
FNH:6
FNDA:18,applyXp
FNDA:5,computeLevelProgress
FNDA:10,recordCorrect
FNDA:4,recordClose
FNDA:6,recordWrong
FNDA:1,recordSkip
DA:19,1
DA:41,18
DA:43,18
DA:44,18
DA:45,18
DA:46,1
DA:47,1
DA:50,18
DA:61,5
DA:63,5
DA:64,5
DA:65,5
DA:83,10
DA:84,10
DA:86,10
DA:87,10
DA:88,10
DA:89,10
DA:90,10
DA:92,10
DA:93,10
DA:95,10
DA:96,10
DA:98,10
DA:99,10
DA:100,9
DA:102,10
DA:104,10
DA:120,4
DA:121,4
DA:123,4
DA:124,4
DA:125,4
DA:126,4
DA:128,4
DA:129,4
DA:131,4
DA:132,4
DA:134,4
DA:148,6
DA:149,6
DA:151,6
DA:152,6
DA:153,6
DA:154,6
DA:155,6
DA:157,6
DA:158,6
DA:172,1
LF:49
LH:49
BRDA:45,0,0,1
BRDA:45,0,1,17
BRDA:99,1,0,9
BRDA:99,1,1,1
BRF:4
BRH:4
end_of_record
TN:
SF:src/composables/useSpacedRepetition.ts
FN:39,pickNextPerson
FN:71,preferNotLast
FN:72,(anonymous_2)
FN:78,(anonymous_3)
FN:79,(anonymous_4)
FN:84,(anonymous_5)
FN:86,(anonymous_6)
FN:89,(anonymous_7)
FN:98,(anonymous_8)
FN:99,(anonymous_9)
FN:103,(anonymous_10)
FN:104,(anonymous_11)
FN:113,(anonymous_12)
FN:114,(anonymous_13)
FN:115,(anonymous_14)
FN:128,nextReviewAt
FNF:16
FNH:9
FNDA:55,pickNextPerson
FNDA:54,preferNotLast
FNDA:112,(anonymous_2)
FNDA:2,(anonymous_3)
FNDA:0,(anonymous_4)
FNDA:1,(anonymous_5)
FNDA:0,(anonymous_6)
FNDA:1,(anonymous_7)
FNDA:0,(anonymous_8)
FNDA:0,(anonymous_9)
FNDA:1,(anonymous_10)
FNDA:2,(anonymous_11)
FNDA:0,(anonymous_12)
FNDA:0,(anonymous_13)
FNDA:0,(anonymous_14)
FNDA:16,nextReviewAt
DA:44,55
DA:45,1
DA:48,54
DA:49,54
DA:50,54
DA:51,54
DA:53,54
DA:54,115
DA:55,115
DA:56,111
DA:57,4
DA:58,2
DA:59,2
DA:62,2
DA:72,112
DA:73,54
DA:77,54
DA:78,2
DA:79,0
DA:83,54
DA:84,1
DA:85,1
DA:86,0
DA:87,0
DA:89,1
DA:90,1
DA:92,53
DA:94,52
DA:95,52
DA:96,1
DA:98,0
DA:99,0
DA:100,0
DA:101,1
DA:103,1
DA:104,2
DA:105,1
DA:106,0
DA:108,0
DA:109,0
DA:112,0
DA:113,0
DA:114,0
DA:115,0
DA:117,0
DA:120,54
DA:129,16
LF:47
LH:33
BRDA:44,0,0,1
BRDA:44,0,1,54
BRDA:55,1,0,111
BRDA:55,1,1,4
BRDA:55,2,0,115
BRDA:55,2,1,4
BRDA:57,3,0,2
BRDA:57,3,1,2
BRDA:58,4,0,2
BRDA:58,4,1,0
BRDA:73,5,0,54
BRDA:73,5,1,0
BRDA:83,6,0,1
BRDA:83,6,1,53
BRDA:85,7,0,0
BRDA:85,7,1,1
BRDA:92,8,0,52
BRDA:92,8,1,1
BRDA:92,9,0,53
BRDA:92,9,1,53
BRDA:96,10,0,0
BRDA:96,10,1,1
BRDA:101,11,0,1
BRDA:101,11,1,0
BRDA:106,12,0,0
BRDA:106,12,1,0
BRDA:117,13,0,0
BRDA:117,13,1,0
BRDA:129,14,0,16
BRDA:129,14,1,0
BRF:30
BRH:20
end_of_record
TN:
SF:src/composables/useStorage.ts
FN:53,defaultProgress
FN:79,loadProgress
FN:103,saveProgress
FN:110,resetProgress
FN:119,getPersonProgress
FNF:5
FNH:2
FNDA:50,defaultProgress
FNDA:0,loadProgress
FNDA:0,saveProgress
FNDA:0,resetProgress
FNDA:31,getPersonProgress
DA:9,4
DA:10,4
DA:12,4
DA:54,50
DA:80,0
DA:81,0
DA:82,0
DA:83,0
DA:86,0
DA:87,0
DA:88,0
DA:89,0
DA:90,0
DA:91,0
DA:96,0
DA:104,0
DA:111,0
DA:120,31
DA:121,24
DA:134,31
DA:135,31
DA:136,1
DA:138,31
DA:139,1
DA:141,31
LF:25
LH:12
BRDA:82,0,0,0
BRDA:82,0,1,0
BRDA:87,1,0,0
BRDA:87,1,1,0
BRDA:120,2,0,24
BRDA:120,2,1,7
BRDA:135,3,0,1
BRDA:135,3,1,30
BRDA:138,4,0,1
BRDA:138,4,1,30
BRF:10
BRH:6
end_of_record
TN:
SF:src/utils/strings.ts
FN:12,normalizeText
FN:22,levenshtein
FN:25,(anonymous_2)
FN:25,(anonymous_3)
FN:41,rankLabel
FN:61,computeRanks
FN:79,shuffle
FNF:7
FNH:7
FNDA:6,normalizeText
FNDA:10,levenshtein
FNDA:42,(anonymous_2)
FNDA:193,(anonymous_3)
FNDA:6,rankLabel
FNDA:5,computeRanks
FNDA:96,shuffle
DA:13,6
DA:23,10
DA:24,10
DA:25,193
DA:26,10
DA:27,32
DA:28,118
DA:33,10
DA:42,6
DA:43,1
DA:45,5
DA:46,1
DA:48,4
DA:49,1
DA:51,3
DA:62,5
DA:63,5
DA:64,12
DA:65,8
DA:67,4
DA:70,5
DA:80,96
DA:81,325
DA:82,325
DA:84,96
LF:25
LH:25
BRDA:25,0,0,43
BRDA:25,0,1,150
BRDA:25,1,0,32
BRDA:25,1,1,118
BRDA:28,2,0,22
BRDA:28,2,1,96
BRDA:42,3,0,1
BRDA:42,3,1,5
BRDA:45,4,0,1
BRDA:45,4,1,4
BRDA:48,5,0,1
BRDA:48,5,1,3
BRDA:64,6,0,8
BRDA:64,6,1,4
BRDA:64,7,0,12
BRDA:64,7,1,8
BRF:16
BRH:16
end_of_record
